<?xml version="1.0" encoding="UTF-8"?>
<testsuite xmlns:xsi="http://www.w3.org/2001/XMLSchema-instance" xsi:noNamespaceSchemaLocation="https://maven.apache.org/surefire/maven-surefire-plugin/xsd/surefire-test-report-3.0.xsd" version="3.0" name="pl.edu.agh.kis.pz1.util.ReaderTest" time="8.641" tests="6" errors="0" skipped="0" failures="0">
  <properties>
[...]
</properties>
  <testcase name="testGetOwnId" classname="pl.edu.agh.kis.pz1.util.ReaderTest" time="0.586"/>
  <testcase name="testGetLibrary" classname="pl.edu.agh.kis.pz1.util.ReaderTest" time="0.002"/>
  <testcase name="testReaderConstructor" classname="pl.edu.agh.kis.pz1.util.ReaderTest" time="0"/>
  <testcase name="testReaderRunMethod" classname="pl.edu.agh.kis.pz1.util.ReaderTest" time="4.039"/>
  <testcase name="testReaderConstructorException" classname="pl.edu.agh.kis.pz1.util.ReaderTest" time="0.002"/>
  <testcase name="testRunException" classname="pl.edu.agh.kis.pz1.util.ReaderTest" time="4.012"/>
</testsuite>